c:\users\milic\desktop\ikpprojekat\ikp_projekat\loadbalancer\debug\vc142.pdb
c:\users\milic\desktop\ikpprojekat\ikp_projekat\loadbalancer\debug\vc142.idb
c:\users\milic\desktop\ikpprojekat\ikp_projekat\loadbalancer\debug\main.obj
c:\users\milic\desktop\ikp_projekat\loadbalancer\debug\vc142.pdb
c:\users\milic\desktop\ikp_projekat\loadbalancer\debug\vc142.idb
c:\users\milic\desktop\ikp_projekat\loadbalancer\debug\main.obj
c:\users\milic\desktop\ikpprojekat\ikp_projekat\debug\loadbalancer.exe
c:\users\milic\desktop\ikpprojekat\ikp_projekat\debug\loadbalancer.ilk
c:\users\milic\desktop\ikpprojekat\ikp_projekat\debug\loadbalancer.pdb
c:\users\milic\desktop\ikp_projekat\debug\loadbalancer.exe
c:\users\milic\desktop\ikp_projekat\debug\loadbalancer.ilk
c:\users\milic\desktop\ikp_projekat\debug\loadbalancer.pdb
c:\users\milic\desktop\ikp_projekat\ikpprojekat\loadbalancer\debug\main.obj
c:\users\milic\desktop\ikp_projekat\ikpprojekat\loadbalancer\debug\vc142.idb
c:\users\milic\desktop\ikp_projekat\ikpprojekat\loadbalancer\debug\vc142.pdb
c:\users\milic\desktop\ikp_projekat\ikpprojekat\debug\loadbalancer.pdb
c:\users\milic\desktop\ikp_projekat\ikpprojekat\debug\loadbalancer.exe
c:\users\milic\desktop\ikp_projekat\ikpprojekat\debug\loadbalancer.ilk
c:\users\milic\desktop\ikp_projekat\ikpprojekat\loadbalancer\debug\loadbalancer.tlog\cl.command.1.tlog
c:\users\milic\desktop\ikp_projekat\ikpprojekat\loadbalancer\debug\loadbalancer.tlog\cl.read.1.tlog
c:\users\milic\desktop\ikp_projekat\ikpprojekat\loadbalancer\debug\loadbalancer.tlog\cl.write.1.tlog
c:\users\milic\desktop\ikp_projekat\ikpprojekat\loadbalancer\debug\loadbalancer.tlog\link.command.1.tlog
c:\users\milic\desktop\ikp_projekat\ikpprojekat\loadbalancer\debug\loadbalancer.tlog\link.read.1.tlog
c:\users\milic\desktop\ikp_projekat\ikpprojekat\loadbalancer\debug\loadbalancer.tlog\link.write.1.tlog
